<?xml version="1.0" encoding="UTF-8"?>
<testng-results skipped="0" failed="0" ignored="0" total="1" passed="1">
  <reporter-output>
  </reporter-output>
  <suite name="Test Suites" duration-ms="10422" started-at="2020-03-16T19:09:56 EDT" finished-at="2020-03-16T19:10:06 EDT">
    <groups>
    </groups>
    <test name="Smoke" duration-ms="10422" started-at="2020-03-16T19:09:56 EDT" finished-at="2020-03-16T19:10:06 EDT">
      <class name="tests.SomeTests">
        <test-method status="PASS" signature="beforeEachTestCase()[pri:0, instance:tests.SomeTests@6767c1fc]" name="beforeEachTestCase" is-config="true" duration-ms="1166" started-at="2020-03-16T19:09:56 EDT" finished-at="2020-03-16T19:09:57 EDT">
          <reporter-output>
          </reporter-output>
        </test-method> <!-- beforeEachTestCase -->
        <test-method status="PASS" signature="login_test()[pri:0, instance:tests.SomeTests@6767c1fc]" name="login_test" duration-ms="9056" started-at="2020-03-16T19:09:57 EDT" finished-at="2020-03-16T19:10:06 EDT">
          <reporter-output>
          </reporter-output>
        </test-method> <!-- login_test -->
        <test-method status="PASS" signature="afterEachTestCase()[pri:0, instance:tests.SomeTests@6767c1fc]" name="afterEachTestCase" is-config="true" duration-ms="178" started-at="2020-03-16T19:10:06 EDT" finished-at="2020-03-16T19:10:06 EDT">
          <reporter-output>
          </reporter-output>
        </test-method> <!-- afterEachTestCase -->
      </class> <!-- tests.SomeTests -->
    </test> <!-- Smoke -->
  </suite> <!-- Test Suites -->
</testng-results>
