<?xml version="1.0" encoding="UTF-8"?>
<testng-results skipped="0" failed="0" ignored="0" total="1" passed="1">
  <reporter-output>
  </reporter-output>
  <suite name="Test Suites" duration-ms="10519" started-at="2020-02-25T21:32:35 EST" finished-at="2020-02-25T21:32:45 EST">
    <groups>
    </groups>
    <test name="Smoke" duration-ms="10519" started-at="2020-02-25T21:32:35 EST" finished-at="2020-02-25T21:32:45 EST">
      <class name="tests.SomeTests">
        <test-method status="PASS" signature="test_case()[pri:0, instance:tests.SomeTests@cb5822]" name="test_case" duration-ms="10497" started-at="2020-02-25T21:32:35 EST" finished-at="2020-02-25T21:32:45 EST">
          <reporter-output>
          </reporter-output>
        </test-method> <!-- test_case -->
      </class> <!-- tests.SomeTests -->
    </test> <!-- Smoke -->
  </suite> <!-- Test Suites -->
</testng-results>
